Test Start Time: Sat Sep 23 18:40:39 2023
-----------------------------------------
Testcase                                           Result     Exit Value
--------                                           ------     ----------
cgroup_core01                                      PASS       0    
cgroup_core02                                      CONF       32   
cgroup_core03                                      PASS       0    
cgroup                                             FAIL       2    
memcg_regression                                   PASS       0    
memcg_test_3                                       PASS       0    
memcg_failcnt                                      PASS       0    
memcg_force_empty                                  PASS       0    
memcg_limit_in_bytes                               PASS       0    
memcg_stat_rss                                     PASS       0    
memcg_subgroup_charge                              PASS       0    
memcg_max_usage_in_bytes                           PASS       0    
memcg_move_charge_at_immigrate                     PASS       0    
memcg_memsw_limit_in_bytes                         PASS       0    
memcg_stat                                         PASS       0    
memcg_use_hierarchy                                PASS       0    
memcg_usage_in_bytes                               PASS       0    
memcg_stress                                       PASS       0    
memcg_control                                      PASS       0    
memcontrol01                                       CONF       32   
memcontrol02                                       PASS       0    
memcontrol03                                       CONF       32   
memcontrol04                                       CONF       32   
cgroup_fj_function_debug                           CONF       32   
cgroup_fj_function_cpuset                          PASS       0    
cgroup_fj_function_cpu                             PASS       0    
cgroup_fj_function_cpuacct                         PASS       0    
cgroup_fj_function_memory                          PASS       0    
cgroup_fj_function_freezer                         PASS       0    
cgroup_fj_function_devices                         PASS       0    
cgroup_fj_function_blkio                           PASS       0    
cgroup_fj_function_net_cls                         PASS       0    
cgroup_fj_function_perf_event                      PASS       0    
cgroup_fj_function_net_prio                        PASS       0    
cgroup_fj_function_hugetlb                         PASS       0    
cgroup_fj_stress_debug_2_2_none                    CONF       32   
cgroup_fj_stress_debug_3_3_none                    CONF       32   
cgroup_fj_stress_debug_4_4_none                    CONF       32   
cgroup_fj_stress_debug_2_9_none                    CONF       32   
cgroup_fj_stress_debug_10_3_none                   CONF       32   
cgroup_fj_stress_debug_1_200_none                  CONF       32   
cgroup_fj_stress_debug_200_1_none                  CONF       32   
cgroup_fj_stress_debug_2_2_one                     CONF       32   
cgroup_fj_stress_debug_3_3_one                     CONF       32   
cgroup_fj_stress_debug_4_4_one                     CONF       32   
cgroup_fj_stress_debug_2_9_one                     CONF       32   
cgroup_fj_stress_debug_10_3_one                    CONF       32   
cgroup_fj_stress_debug_1_200_one                   CONF       32   
cgroup_fj_stress_debug_200_1_one                   CONF       32   
cgroup_fj_stress_debug_2_2_each                    CONF       32   
cgroup_fj_stress_debug_3_3_each                    CONF       32   
cgroup_fj_stress_debug_4_4_each                    CONF       32   
cgroup_fj_stress_debug_2_9_each                    CONF       32   
cgroup_fj_stress_debug_10_3_each                   CONF       32   
cgroup_fj_stress_debug_1_200_each                  CONF       32   
cgroup_fj_stress_debug_200_1_each                  CONF       32   
cgroup_fj_stress_cpuset_2_2_none                   PASS       0    
cgroup_fj_stress_cpuset_3_3_none                   PASS       0    
cgroup_fj_stress_cpuset_4_4_none                   PASS       0    
cgroup_fj_stress_cpuset_2_9_none                   PASS       0    
cgroup_fj_stress_cpuset_10_3_none                  PASS       0    
cgroup_fj_stress_cpuset_1_200_none                 PASS       0    
cgroup_fj_stress_cpuset_200_1_none                 PASS       0    
cgroup_fj_stress_cpuset_2_2_one                    PASS       0    
cgroup_fj_stress_cpuset_3_3_one                    PASS       0    
cgroup_fj_stress_cpuset_4_4_one                    PASS       0    
cgroup_fj_stress_cpuset_2_9_one                    PASS       0    
cgroup_fj_stress_cpuset_10_3_one                   PASS       0    
cgroup_fj_stress_cpuset_1_200_one                  PASS       0    
cgroup_fj_stress_cpuset_200_1_one                  PASS       0    
cgroup_fj_stress_cpuset_2_2_each                   PASS       0    
cgroup_fj_stress_cpuset_3_3_each                   PASS       0    
cgroup_fj_stress_cpuset_4_4_each                   PASS       0    
cgroup_fj_stress_cpuset_2_9_each                   PASS       0    
cgroup_fj_stress_cpuset_10_3_each                  PASS       0    
cgroup_fj_stress_cpuset_1_200_each                 PASS       0    
cgroup_fj_stress_cpuset_200_1_each                 PASS       0    
cgroup_fj_stress_cpu_2_2_none                      PASS       0    
cgroup_fj_stress_cpu_3_3_none                      PASS       0    
cgroup_fj_stress_cpu_4_4_none                      PASS       0    
cgroup_fj_stress_cpu_2_9_none                      PASS       0    
cgroup_fj_stress_cpu_10_3_none                     PASS       0    
cgroup_fj_stress_cpu_1_200_none                    PASS       0    
cgroup_fj_stress_cpu_200_1_none                    PASS       0    
cgroup_fj_stress_cpu_2_2_one                       PASS       0    
cgroup_fj_stress_cpu_3_3_one                       PASS       0    
cgroup_fj_stress_cpu_4_4_one                       PASS       0    
cgroup_fj_stress_cpu_2_9_one                       PASS       0    
cgroup_fj_stress_cpu_10_3_one                      PASS       0    
cgroup_fj_stress_cpu_1_200_one                     PASS       0    
cgroup_fj_stress_cpu_200_1_one                     PASS       0    
cgroup_fj_stress_cpu_2_2_each                      PASS       0    
cgroup_fj_stress_cpu_3_3_each                      PASS       0    
cgroup_fj_stress_cpu_4_4_each                      PASS       0    
cgroup_fj_stress_cpu_2_9_each                      PASS       0    
cgroup_fj_stress_cpu_10_3_each                     PASS       0    
cgroup_fj_stress_cpu_1_200_each                    PASS       0    
cgroup_fj_stress_cpu_200_1_each                    PASS       0    
cgroup_fj_stress_cpuacct_2_2_none                  PASS       0    
cgroup_fj_stress_cpuacct_3_3_none                  PASS       0    
cgroup_fj_stress_cpuacct_4_4_none                  PASS       0    
cgroup_fj_stress_cpuacct_2_9_none                  PASS       0    
cgroup_fj_stress_cpuacct_10_3_none                 PASS       0    
cgroup_fj_stress_cpuacct_1_200_none                PASS       0    
cgroup_fj_stress_cpuacct_200_1_none                PASS       0    
cgroup_fj_stress_cpuacct_2_2_one                   PASS       0    
cgroup_fj_stress_cpuacct_3_3_one                   PASS       0    
cgroup_fj_stress_cpuacct_4_4_one                   PASS       0    
cgroup_fj_stress_cpuacct_2_9_one                   PASS       0    
cgroup_fj_stress_cpuacct_10_3_one                  PASS       0    
cgroup_fj_stress_cpuacct_1_200_one                 PASS       0    
cgroup_fj_stress_cpuacct_200_1_one                 PASS       0    
cgroup_fj_stress_cpuacct_2_2_each                  PASS       0    
cgroup_fj_stress_cpuacct_3_3_each                  PASS       0    
cgroup_fj_stress_cpuacct_4_4_each                  PASS       0    
cgroup_fj_stress_cpuacct_2_9_each                  PASS       0    
cgroup_fj_stress_cpuacct_10_3_each                 PASS       0    
cgroup_fj_stress_cpuacct_1_200_each                PASS       0    
cgroup_fj_stress_cpuacct_200_1_each                PASS       0    
cgroup_fj_stress_memory_2_2_none                   PASS       0    
cgroup_fj_stress_memory_3_3_none                   PASS       0    
cgroup_fj_stress_memory_4_4_none                   PASS       0    
cgroup_fj_stress_memory_2_9_none                   PASS       0    
cgroup_fj_stress_memory_10_3_none                  PASS       0    
cgroup_fj_stress_memory_1_200_none                 PASS       0    
cgroup_fj_stress_memory_200_1_none                 PASS       0    
cgroup_fj_stress_memory_2_2_one                    PASS       0    
cgroup_fj_stress_memory_3_3_one                    PASS       0    
cgroup_fj_stress_memory_4_4_one                    PASS       0    
cgroup_fj_stress_memory_2_9_one                    PASS       0    
cgroup_fj_stress_memory_10_3_one                   PASS       0    
cgroup_fj_stress_memory_1_200_one                  PASS       0    
cgroup_fj_stress_memory_200_1_one                  PASS       0    
cgroup_fj_stress_memory_2_2_each                   PASS       0    
cgroup_fj_stress_memory_3_3_each                   PASS       0    
cgroup_fj_stress_memory_4_4_each                   PASS       0    
cgroup_fj_stress_memory_2_9_each                   PASS       0    
cgroup_fj_stress_memory_10_3_each                  PASS       0    
cgroup_fj_stress_memory_1_200_each                 PASS       0    
cgroup_fj_stress_memory_200_1_each                 PASS       0    
cgroup_fj_stress_freezer_2_2_none                  PASS       0    
cgroup_fj_stress_freezer_3_3_none                  PASS       0    
cgroup_fj_stress_freezer_4_4_none                  PASS       0    
cgroup_fj_stress_freezer_2_9_none                  PASS       0    
cgroup_fj_stress_freezer_10_3_none                 PASS       0    
cgroup_fj_stress_freezer_1_200_none                PASS       0    
cgroup_fj_stress_freezer_200_1_none                PASS       0    
cgroup_fj_stress_freezer_2_2_one                   PASS       0    
cgroup_fj_stress_freezer_3_3_one                   PASS       0    
cgroup_fj_stress_freezer_4_4_one                   PASS       0    
cgroup_fj_stress_freezer_2_9_one                   PASS       0    
cgroup_fj_stress_freezer_10_3_one                  PASS       0    
cgroup_fj_stress_freezer_1_200_one                 PASS       0    
cgroup_fj_stress_freezer_200_1_one                 PASS       0    
cgroup_fj_stress_freezer_2_2_each                  PASS       0    
cgroup_fj_stress_freezer_3_3_each                  PASS       0    
cgroup_fj_stress_freezer_4_4_each                  PASS       0    
cgroup_fj_stress_freezer_2_9_each                  PASS       0    
cgroup_fj_stress_freezer_10_3_each                 PASS       0    
cgroup_fj_stress_freezer_1_200_each                PASS       0    
cgroup_fj_stress_freezer_200_1_each                PASS       0    
cgroup_fj_stress_devices_2_2_none                  PASS       0    
cgroup_fj_stress_devices_3_3_none                  PASS       0    
cgroup_fj_stress_devices_4_4_none                  PASS       0    
cgroup_fj_stress_devices_2_9_none                  PASS       0    
cgroup_fj_stress_devices_10_3_none                 PASS       0    
cgroup_fj_stress_devices_1_200_none                PASS       0    
cgroup_fj_stress_devices_200_1_none                PASS       0    
cgroup_fj_stress_devices_2_2_one                   PASS       0    
cgroup_fj_stress_devices_3_3_one                   PASS       0    
cgroup_fj_stress_devices_4_4_one                   PASS       0    
cgroup_fj_stress_devices_2_9_one                   PASS       0    
cgroup_fj_stress_devices_10_3_one                  PASS       0    
cgroup_fj_stress_devices_1_200_one                 PASS       0    
cgroup_fj_stress_devices_200_1_one                 PASS       0    
cgroup_fj_stress_devices_2_2_each                  PASS       0    
cgroup_fj_stress_devices_3_3_each                  PASS       0    
cgroup_fj_stress_devices_4_4_each                  PASS       0    
cgroup_fj_stress_devices_2_9_each                  PASS       0    
cgroup_fj_stress_devices_10_3_each                 PASS       0    
cgroup_fj_stress_devices_1_200_each                PASS       0    
cgroup_fj_stress_devices_200_1_each                PASS       0    
cgroup_fj_stress_blkio_2_2_none                    PASS       0    
cgroup_fj_stress_blkio_3_3_none                    PASS       0    
cgroup_fj_stress_blkio_4_4_none                    PASS       0    
cgroup_fj_stress_blkio_2_9_none                    PASS       0    
cgroup_fj_stress_blkio_10_3_none                   PASS       0    
cgroup_fj_stress_blkio_1_200_none                  PASS       0    
cgroup_fj_stress_blkio_200_1_none                  PASS       0    
cgroup_fj_stress_blkio_2_2_one                     PASS       0    
cgroup_fj_stress_blkio_3_3_one                     PASS       0    
cgroup_fj_stress_blkio_4_4_one                     PASS       0    
cgroup_fj_stress_blkio_2_9_one                     PASS       0    
cgroup_fj_stress_blkio_10_3_one                    PASS       0    
cgroup_fj_stress_blkio_1_200_one                   PASS       0    
cgroup_fj_stress_blkio_200_1_one                   PASS       0    
cgroup_fj_stress_blkio_2_2_each                    PASS       0    
cgroup_fj_stress_blkio_3_3_each                    PASS       0    
cgroup_fj_stress_blkio_4_4_each                    PASS       0    
cgroup_fj_stress_blkio_2_9_each                    PASS       0    
cgroup_fj_stress_blkio_10_3_each                   PASS       0    
cgroup_fj_stress_blkio_1_200_each                  PASS       0    
cgroup_fj_stress_blkio_200_1_each                  PASS       0    
cgroup_fj_stress_net_cls_2_2_none                  PASS       0    
cgroup_fj_stress_net_cls_3_3_none                  PASS       0    
cgroup_fj_stress_net_cls_4_4_none                  PASS       0    
cgroup_fj_stress_net_cls_2_9_none                  PASS       0    
cgroup_fj_stress_net_cls_10_3_none                 PASS       0    
cgroup_fj_stress_net_cls_1_200_none                PASS       0    
cgroup_fj_stress_net_cls_200_1_none                PASS       0    
cgroup_fj_stress_net_cls_2_2_one                   PASS       0    
cgroup_fj_stress_net_cls_3_3_one                   PASS       0    
cgroup_fj_stress_net_cls_4_4_one                   PASS       0    
cgroup_fj_stress_net_cls_2_9_one                   PASS       0    
cgroup_fj_stress_net_cls_10_3_one                  PASS       0    
cgroup_fj_stress_net_cls_1_200_one                 PASS       0    
cgroup_fj_stress_net_cls_200_1_one                 PASS       0    
cgroup_fj_stress_net_cls_2_2_each                  PASS       0    
cgroup_fj_stress_net_cls_3_3_each                  PASS       0    
cgroup_fj_stress_net_cls_4_4_each                  PASS       0    
cgroup_fj_stress_net_cls_2_9_each                  PASS       0    
cgroup_fj_stress_net_cls_10_3_each                 PASS       0    
cgroup_fj_stress_net_cls_1_200_each                PASS       0    
cgroup_fj_stress_net_cls_200_1_each                PASS       0    
cgroup_fj_stress_perf_event_2_2_none               PASS       0    
cgroup_fj_stress_perf_event_3_3_none               PASS       0    
cgroup_fj_stress_perf_event_4_4_none               PASS       0    
cgroup_fj_stress_perf_event_2_9_none               PASS       0    
cgroup_fj_stress_perf_event_10_3_none              PASS       0    
cgroup_fj_stress_perf_event_1_200_none             PASS       0    
cgroup_fj_stress_perf_event_200_1_none             PASS       0    
cgroup_fj_stress_perf_event_2_2_one                PASS       0    
cgroup_fj_stress_perf_event_3_3_one                PASS       0    
cgroup_fj_stress_perf_event_4_4_one                PASS       0    
cgroup_fj_stress_perf_event_2_9_one                PASS       0    
cgroup_fj_stress_perf_event_10_3_one               PASS       0    
cgroup_fj_stress_perf_event_1_200_one              PASS       0    
cgroup_fj_stress_perf_event_200_1_one              PASS       0    
cgroup_fj_stress_perf_event_2_2_each               PASS       0    
cgroup_fj_stress_perf_event_3_3_each               PASS       0    
cgroup_fj_stress_perf_event_4_4_each               PASS       0    
cgroup_fj_stress_perf_event_2_9_each               PASS       0    
cgroup_fj_stress_perf_event_10_3_each              PASS       0    
cgroup_fj_stress_perf_event_1_200_each             PASS       0    
cgroup_fj_stress_perf_event_200_1_each             PASS       0    
cgroup_fj_stress_net_prio_2_2_none                 PASS       0    
cgroup_fj_stress_net_prio_3_3_none                 PASS       0    
cgroup_fj_stress_net_prio_4_4_none                 PASS       0    
cgroup_fj_stress_net_prio_2_9_none                 PASS       0    
cgroup_fj_stress_net_prio_10_3_none                PASS       0    
cgroup_fj_stress_net_prio_1_200_none               PASS       0    
cgroup_fj_stress_net_prio_200_1_none               PASS       0    
cgroup_fj_stress_net_prio_2_2_one                  PASS       0    
cgroup_fj_stress_net_prio_3_3_one                  PASS       0    
cgroup_fj_stress_net_prio_4_4_one                  PASS       0    
cgroup_fj_stress_net_prio_2_9_one                  PASS       0    
cgroup_fj_stress_net_prio_10_3_one                 PASS       0    
cgroup_fj_stress_net_prio_1_200_one                PASS       0    
cgroup_fj_stress_net_prio_200_1_one                PASS       0    
cgroup_fj_stress_net_prio_2_2_each                 PASS       0    
cgroup_fj_stress_net_prio_3_3_each                 PASS       0    
cgroup_fj_stress_net_prio_4_4_each                 PASS       0    
cgroup_fj_stress_net_prio_2_9_each                 PASS       0    
cgroup_fj_stress_net_prio_10_3_each                PASS       0    
cgroup_fj_stress_net_prio_1_200_each               PASS       0    
cgroup_fj_stress_net_prio_200_1_each               PASS       0    
cgroup_fj_stress_hugetlb_2_2_none                  PASS       0    
cgroup_fj_stress_hugetlb_3_3_none                  PASS       0    
cgroup_fj_stress_hugetlb_4_4_none                  PASS       0    
cgroup_fj_stress_hugetlb_2_9_none                  PASS       0    
cgroup_fj_stress_hugetlb_10_3_none                 PASS       0    
cgroup_fj_stress_hugetlb_1_200_none                PASS       0    
cgroup_fj_stress_hugetlb_200_1_none                PASS       0    
cgroup_fj_stress_hugetlb_2_2_one                   PASS       0    
cgroup_fj_stress_hugetlb_3_3_one                   PASS       0    
cgroup_fj_stress_hugetlb_4_4_one                   PASS       0    
cgroup_fj_stress_hugetlb_2_9_one                   PASS       0    
cgroup_fj_stress_hugetlb_10_3_one                  PASS       0    
cgroup_fj_stress_hugetlb_1_200_one                 PASS       0    
cgroup_fj_stress_hugetlb_200_1_one                 PASS       0    
cgroup_fj_stress_hugetlb_2_2_each                  PASS       0    
cgroup_fj_stress_hugetlb_3_3_each                  PASS       0    
cgroup_fj_stress_hugetlb_4_4_each                  PASS       0    
cgroup_fj_stress_hugetlb_2_9_each                  PASS       0    
cgroup_fj_stress_hugetlb_10_3_each                 PASS       0    
cgroup_fj_stress_hugetlb_1_200_each                PASS       0    
cgroup_fj_stress_hugetlb_200_1_each                PASS       0    
controllers                                        PASS       0    
cpuacct_1_1                                        PASS       0    
cpuacct_1_10                                       PASS       0    
cpuacct_10_10                                      PASS       0    
cpuacct_1_100                                      PASS       0    
cpuacct_100_1                                      PASS       0    
cpuacct_100_100                                    PASS       0    
cpuset_base_ops                                    CONF       32   
cpuset_inherit                                     PASS       0    
cpuset_exclusive                                   CONF       32   
cpuset_hierarchy                                   CONF       32   
cpuset_syscall                                     CONF       32   
cpuset_sched_domains                               CONF       32   
cpuset_load_balance                                CONF       32   
cpuset_hotplug                                     PASS       0    
cpuset_memory                                      CONF       32   
cpuset_memory_pressure                             CONF       32   
cpuset_memory_spread                               CONF       32   
cpuset_regression_test                             PASS       0    
cgroup_xattr                                       PASS       0    
io_control01                                       CONF       32   
pids_1_1                                           PASS       0    
pids_1_2                                           PASS       0    
pids_1_10                                          PASS       0    
pids_1_50                                          PASS       0    
pids_1_100                                         PASS       0    
pids_2_1                                           PASS       0    
pids_2_2                                           PASS       0    
pids_2_10                                          PASS       0    
pids_2_50                                          PASS       0    
pids_2_100                                         PASS       0    
pids_3_0                                           PASS       0    
pids_3_1                                           PASS       0    
pids_3_10                                          PASS       0    
pids_3_50                                          PASS       0    
pids_3_100                                         PASS       0    
pids_4_1                                           PASS       0    
pids_4_2                                           PASS       0    
pids_4_10                                          PASS       0    
pids_4_50                                          PASS       0    
pids_4_100                                         PASS       0    
pids_5_1                                           PASS       0    
pids_6_1                                           PASS       0    
pids_6_2                                           PASS       0    
pids_6_10                                          PASS       0    
pids_6_50                                          PASS       0    
pids_6_100                                         PASS       0    
pids_7_10                                          PASS       0    
pids_7_50                                          PASS       0    
pids_7_100                                         PASS       0    
pids_7_500                                         PASS       0    
pids_7_1000                                        PASS       0    
pids_8_2                                           PASS       0    
pids_8_10                                          PASS       0    
pids_8_50                                          PASS       0    
pids_8_100                                         PASS       0    
pids_9_2                                           PASS       0    
pids_9_10                                          PASS       0    
pids_9_50                                          PASS       0    
pids_9_100                                         PASS       0    

-----------------------------------------------
Total Tests: 347
Total Skipped Tests: 36
Total Failures: 1
Kernel Version: 5.10.0-153.12.0.92.os2203sp2.x86_64
Machine Architecture: x86_64
Hostname: contest-vm-045

